# JRE version: Java(TM) SE Runtime Environment (21.0+35) (build 21+35-LTS-2513)
# Java VM: Java HotSpot(TM) 64-Bit Server VM (21+35-LTS-2513, mixed mode, sharing, tiered, compressed oops, compressed class ptrs, g1 gc, windows-amd64)
GC Precious Log:
 CardTable entry size: 512
 Card Set container configuration: InlinePtr #cards 5 size 8 Array Of Cards #cards 12 size 40 Howl #buckets 4 coarsen threshold 1843 Howl Bitmap #cards 512 size 80 coarsen threshold 460 Card regions per heap region 1 cards per card region 2048
 CPUs: 4 total, 4 available
 Memory: 4009M
 Large Page Support: Disabled
 NUMA Support: Disabled
 Compressed Oops: Enabled (32-bit)
 Heap Region Size: 1M
 Heap Min Capacity: 8M
 Heap Initial Capacity: 64M
 Heap Max Capacity: 1004M
 Pre-touch: Disabled
 Parallel Workers: 4
 Concurrent Workers: 1
 Concurrent Refinement Workers: 4
 Periodic GC: Disabled
Heap:
 garbage-first heap   total 51200K, used 19066K [0x00000000c1400000, 0x0000000100000000)
  region size 1024K, 7 young (7168K), 4 survivors (4096K)
 Metaspace       used 27811K, committed 28288K, reserved 1114112K
  class space    used 3502K, committed 3712K, reserved 1048576K
GC Heap History (12 events):
Event: 2.158 GC heap before
{Heap before GC invocations=0 (full 0):
 garbage-first heap   total 65536K, used 13312K [0x00000000c1400000, 0x0000000100000000)
  region size 1024K, 13 young (13312K), 0 survivors (0K)
 Metaspace       used 3558K, committed 3712K, reserved 1114112K
  class space    used 338K, committed 384K, reserved 1048576K
}
Event: 2.176 GC heap after
{Heap after GC invocations=1 (full 0):
 garbage-first heap   total 65536K, used 6601K [0x00000000c1400000, 0x0000000100000000)
  region size 1024K, 2 young (2048K), 2 survivors (2048K)
 Metaspace       used 3558K, committed 3712K, reserved 1114112K
  class space    used 338K, committed 384K, reserved 1048576K
}
Event: 3.025 GC heap before
{Heap before GC invocations=1 (full 0):
 garbage-first heap   total 65536K, used 17865K [0x00000000c1400000, 0x0000000100000000)
  region size 1024K, 13 young (13312K), 2 survivors (2048K)
 Metaspace       used 7117K, committed 7296K, reserved 1114112K
  class space    used 821K, committed 896K, reserved 1048576K
}
Event: 3.035 GC heap after
{Heap after GC invocations=2 (full 0):
 garbage-first heap   total 65536K, used 7811K [0x00000000c1400000, 0x0000000100000000)
  region size 1024K, 1 young (1024K), 1 survivors (1024K)
 Metaspace       used 7117K, committed 7296K, reserved 1114112K
  class space    used 821K, committed 896K, reserved 1048576K
}
Event: 4.122 GC heap before
{Heap before GC invocations=2 (full 0):
 garbage-first heap   total 65536K, used 29315K [0x00000000c1400000, 0x0000000100000000)
  region size 1024K, 23 young (23552K), 1 survivors (1024K)
 Metaspace       used 13325K, committed 13632K, reserved 1114112K
  class space    used 1573K, committed 1728K, reserved 1048576K
}
Event: 4.128 GC heap after
{Heap after GC invocations=3 (full 0):
 garbage-first heap   total 65536K, used 9752K [0x00000000c1400000, 0x0000000100000000)
  region size 1024K, 3 young (3072K), 3 survivors (3072K)
 Metaspace       used 13325K, committed 13632K, reserved 1114112K
  class space    used 1573K, committed 1728K, reserved 1048576K
}
Event: 5.704 GC heap before
{Heap before GC invocations=3 (full 0):
 garbage-first heap   total 65536K, used 44568K [0x00000000c1400000, 0x0000000100000000)
  region size 1024K, 38 young (38912K), 3 survivors (3072K)
 Metaspace       used 19789K, committed 20096K, reserved 1114112K
  class space    used 2392K, committed 2496K, reserved 1048576K
}
Event: 5.718 GC heap after
{Heap after GC invocations=4 (full 0):
 garbage-first heap   total 65536K, used 13091K [0x00000000c1400000, 0x0000000100000000)
  region size 1024K, 5 young (5120K), 5 survivors (5120K)
 Metaspace       used 19789K, committed 20096K, reserved 1114112K
  class space    used 2392K, committed 2496K, reserved 1048576K
}
Event: 6.380 GC heap before
{Heap before GC invocations=4 (full 0):
 garbage-first heap   total 65536K, used 21283K [0x00000000c1400000, 0x0000000100000000)
  region size 1024K, 14 young (14336K), 5 survivors (5120K)
 Metaspace       used 21243K, committed 21504K, reserved 1114112K
  class space    used 2574K, committed 2688K, reserved 1048576K
}
Event: 6.398 GC heap after
{Heap after GC invocations=5 (full 0):
 garbage-first heap   total 65536K, used 13907K [0x00000000c1400000, 0x0000000100000000)
  region size 1024K, 1 young (1024K), 1 survivors (1024K)
 Metaspace       used 21243K, committed 21504K, reserved 1114112K
  class space    used 2574K, committed 2688K, reserved 1048576K
}
Event: 8.942 GC heap before
{Heap before GC invocations=6 (full 0):
 garbage-first heap   total 51200K, used 43603K [0x00000000c1400000, 0x0000000100000000)
  region size 1024K, 30 young (30720K), 1 survivors (1024K)
 Metaspace       used 26959K, committed 27456K, reserved 1114112K
  class space    used 3421K, committed 3648K, reserved 1048576K
}
Event: 8.958 GC heap after
{Heap after GC invocations=7 (full 0):
 garbage-first heap   total 51200K, used 17018K [0x00000000c1400000, 0x0000000100000000)
  region size 1024K, 4 young (4096K), 4 survivors (4096K)
 Metaspace       used 26959K, committed 27456K, reserved 1114112K
  class space    used 3421K, committed 3648K, reserved 1048576K
}

